This file contains any messages produced by compilers while
running configure, to aid debugging if configure makes a mistake.

It was created by configure, which was
generated by GNU Autoconf 2.69.  Invocation command line was

  $ ./configure 

## --------- ##
## Platform. ##
## --------- ##

hostname = freeswitch
uname -m = x86_64
uname -r = 3.10.0-327.4.5.el7.x86_64
uname -s = Linux
uname -v = #1 SMP Mon Jan 25 22:07:14 UTC 2016

/usr/bin/uname -p = x86_64
/bin/uname -X     = unknown

/bin/arch              = x86_64
/usr/bin/arch -k       = unknown
/usr/convex/getsysinfo = unknown
/usr/bin/hostinfo      = unknown
/bin/machine           = unknown
/usr/bin/oslevel       = unknown
/bin/universe          = unknown

PATH: /usr/lib64/qt-3.3/bin
PATH: /usr/local/sbin
PATH: /usr/local/bin
PATH: /usr/sbin
PATH: /usr/bin
PATH: /root/bin


## ----------- ##
## Core tests. ##
## ----------- ##

configure:2293: checking for a BSD-compatible install
configure:2361: result: /usr/bin/install -c
configure:2372: checking whether build environment is sane
configure:2427: result: yes
configure:2578: checking for a thread-safe mkdir -p
configure:2617: result: /usr/bin/mkdir -p
configure:2624: checking for gawk
configure:2640: found /usr/bin/gawk
configure:2651: result: gawk
configure:2662: checking whether make sets $(MAKE)
configure:2684: result: yes
configure:2713: checking whether make supports nested variables
configure:2730: result: yes
configure:2888: checking for g++
configure:2904: found /usr/bin/g++
configure:2915: result: g++
configure:2942: checking for C++ compiler version
configure:2951: g++ --version >&5
g++ (GCC) 4.8.5 20150623 (Red Hat 4.8.5-4)
Copyright (C) 2015 Free Software Foundation, Inc.
This is free software; see the source for copying conditions.  There is NO
warranty; not even for MERCHANTABILITY or FITNESS FOR A PARTICULAR PURPOSE.

configure:2962: $? = 0
configure:2951: g++ -v >&5
Using built-in specs.
COLLECT_GCC=g++
COLLECT_LTO_WRAPPER=/usr/libexec/gcc/x86_64-redhat-linux/4.8.5/lto-wrapper
Target: x86_64-redhat-linux
Configured with: ../configure --prefix=/usr --mandir=/usr/share/man --infodir=/usr/share/info --with-bugurl=http://bugzilla.redhat.com/bugzilla --enable-bootstrap --enable-shared --enable-threads=posix --enable-checking=release --with-system-zlib --enable-__cxa_atexit --disable-libunwind-exceptions --enable-gnu-unique-object --enable-linker-build-id --with-linker-hash-style=gnu --enable-languages=c,c++,objc,obj-c++,java,fortran,ada,go,lto --enable-plugin --enable-initfini-array --disable-libgcj --with-isl=/builddir/build/BUILD/gcc-4.8.5-20150702/obj-x86_64-redhat-linux/isl-install --with-cloog=/builddir/build/BUILD/gcc-4.8.5-20150702/obj-x86_64-redhat-linux/cloog-install --enable-gnu-indirect-function --with-tune=generic --with-arch_32=x86-64 --build=x86_64-redhat-linux
Thread model: posix
gcc version 4.8.5 20150623 (Red Hat 4.8.5-4) (GCC) 
configure:2962: $? = 0
configure:2951: g++ -V >&5
g++: error: unrecognized command line option '-V'
g++: fatal error: no input files
compilation terminated.
configure:2962: $? = 4
configure:2951: g++ -qversion >&5
g++: error: unrecognized command line option '-qversion'
g++: fatal error: no input files
compilation terminated.
configure:2962: $? = 4
configure:2982: checking whether the C++ compiler works
configure:3004: g++  -g -O2   conftest.cpp  >&5
configure:3008: $? = 0
configure:3056: result: yes
configure:3059: checking for C++ compiler default output file name
configure:3061: result: a.out
configure:3067: checking for suffix of executables
configure:3074: g++ -o conftest  -g -O2   conftest.cpp  >&5
configure:3078: $? = 0
configure:3100: result: 
configure:3122: checking whether we are cross compiling
configure:3130: g++ -o conftest  -g -O2   conftest.cpp  >&5
configure:3134: $? = 0
configure:3141: ./conftest
configure:3145: $? = 0
configure:3160: result: no
configure:3165: checking for suffix of object files
configure:3187: g++ -c  -g -O2  conftest.cpp >&5
configure:3191: $? = 0
configure:3212: result: o
configure:3216: checking whether we are using the GNU C++ compiler
configure:3235: g++ -c  -g -O2  conftest.cpp >&5
configure:3235: $? = 0
configure:3244: result: yes
configure:3253: checking whether g++ accepts -g
configure:3273: g++ -c -g  conftest.cpp >&5
configure:3273: $? = 0
configure:3314: result: yes
configure:3348: checking for style of include used by make
configure:3376: result: GNU
configure:3402: checking dependency style of g++
configure:3513: result: gcc3
configure:3557: checking build system type
configure:3571: result: x86_64-unknown-linux-gnu
configure:3591: checking host system type
configure:3604: result: x86_64-unknown-linux-gnu
configure:3645: checking how to print strings
configure:3672: result: printf
configure:3741: checking for gcc
configure:3757: found /usr/bin/gcc
configure:3768: result: gcc
configure:3997: checking for C compiler version
configure:4006: gcc --version >&5
gcc (GCC) 4.8.5 20150623 (Red Hat 4.8.5-4)
Copyright (C) 2015 Free Software Foundation, Inc.
This is free software; see the source for copying conditions.  There is NO
warranty; not even for MERCHANTABILITY or FITNESS FOR A PARTICULAR PURPOSE.

configure:4017: $? = 0
configure:4006: gcc -v >&5
Using built-in specs.
COLLECT_GCC=gcc
COLLECT_LTO_WRAPPER=/usr/libexec/gcc/x86_64-redhat-linux/4.8.5/lto-wrapper
Target: x86_64-redhat-linux
Configured with: ../configure --prefix=/usr --mandir=/usr/share/man --infodir=/usr/share/info --with-bugurl=http://bugzilla.redhat.com/bugzilla --enable-bootstrap --enable-shared --enable-threads=posix --enable-checking=release --with-system-zlib --enable-__cxa_atexit --disable-libunwind-exceptions --enable-gnu-unique-object --enable-linker-build-id --with-linker-hash-style=gnu --enable-languages=c,c++,objc,obj-c++,java,fortran,ada,go,lto --enable-plugin --enable-initfini-array --disable-libgcj --with-isl=/builddir/build/BUILD/gcc-4.8.5-20150702/obj-x86_64-redhat-linux/isl-install --with-cloog=/builddir/build/BUILD/gcc-4.8.5-20150702/obj-x86_64-redhat-linux/cloog-install --enable-gnu-indirect-function --with-tune=generic --with-arch_32=x86-64 --build=x86_64-redhat-linux
Thread model: posix
gcc version 4.8.5 20150623 (Red Hat 4.8.5-4) (GCC) 
configure:4017: $? = 0
configure:4006: gcc -V >&5
gcc: error: unrecognized command line option '-V'
gcc: fatal error: no input files
compilation terminated.
configure:4017: $? = 4
configure:4006: gcc -qversion >&5
gcc: error: unrecognized command line option '-qversion'
gcc: fatal error: no input files
compilation terminated.
configure:4017: $? = 4
configure:4021: checking whether we are using the GNU C compiler
configure:4040: gcc -c   conftest.c >&5
configure:4040: $? = 0
configure:4049: result: yes
configure:4058: checking whether gcc accepts -g
configure:4078: gcc -c -g  conftest.c >&5
configure:4078: $? = 0
configure:4119: result: yes
configure:4136: checking for gcc option to accept ISO C89
configure:4199: gcc  -c -g -O2  conftest.c >&5
configure:4199: $? = 0
configure:4212: result: none needed
configure:4234: checking dependency style of gcc
configure:4345: result: gcc3
configure:4360: checking for a sed that does not truncate output
configure:4424: result: /usr/bin/sed
configure:4442: checking for grep that handles long lines and -e
configure:4500: result: /usr/bin/grep
configure:4505: checking for egrep
configure:4567: result: /usr/bin/grep -E
configure:4572: checking for fgrep
configure:4634: result: /usr/bin/grep -F
configure:4669: checking for ld used by gcc
configure:4736: result: /usr/bin/ld
configure:4743: checking if the linker (/usr/bin/ld) is GNU ld
configure:4758: result: yes
configure:4770: checking for BSD- or MS-compatible name lister (nm)
configure:4819: result: /usr/bin/nm -B
configure:4949: checking the name lister (/usr/bin/nm -B) interface
configure:4956: g++ -c  -g -O2  conftest.cpp >&5
configure:4959: /usr/bin/nm -B "conftest.o"
configure:4962: output
0000000000000000 B some_variable
configure:4969: result: BSD nm
configure:4972: checking whether ln -s works
configure:4976: result: yes
configure:4984: checking the maximum length of command line arguments
configure:5114: result: 1572864
configure:5131: checking whether the shell understands some XSI constructs
configure:5141: result: yes
configure:5145: checking whether the shell understands "+="
configure:5151: result: yes
configure:5186: checking how to convert x86_64-unknown-linux-gnu file names to x86_64-unknown-linux-gnu format
configure:5226: result: func_convert_file_noop
configure:5233: checking how to convert x86_64-unknown-linux-gnu file names to toolchain format
configure:5253: result: func_convert_file_noop
configure:5260: checking for /usr/bin/ld option to reload object files
configure:5267: result: -r
configure:5341: checking for objdump
configure:5357: found /usr/bin/objdump
configure:5368: result: objdump
configure:5400: checking how to recognize dependent libraries
configure:5602: result: pass_all
configure:5687: checking for dlltool
configure:5717: result: no
configure:5747: checking how to associate runtime and link libraries
configure:5774: result: printf %s\n
configure:5835: checking for ar
configure:5851: found /usr/bin/ar
configure:5862: result: ar
configure:5899: checking for archiver @FILE support
configure:5916: g++ -c  -g -O2  conftest.cpp >&5
configure:5916: $? = 0
configure:5919: ar cru libconftest.a @conftest.lst >&5
configure:5922: $? = 0
configure:5927: ar cru libconftest.a @conftest.lst >&5
ar: conftest.o: No such file or directory
configure:5930: $? = 1
configure:5942: result: @
configure:6000: checking for strip
configure:6016: found /usr/bin/strip
configure:6027: result: strip
configure:6099: checking for ranlib
configure:6115: found /usr/bin/ranlib
configure:6126: result: ranlib
configure:6228: checking command to parse /usr/bin/nm -B output from gcc object
configure:6348: g++ -c  -g -O2  conftest.cpp >&5
configure:6351: $? = 0
configure:6355: /usr/bin/nm -B conftest.o \| sed -n -e 's/^.*[ ]\([ABCDGIRSTW][ABCDGIRSTW]*\)[ ][ ]*\([_A-Za-z][_A-Za-z0-9]*\)$/\1 \2 \2/p' | sed '/ __gnu_lto/d' \> conftest.nm
configure:6358: $? = 0
configure:6424: g++ -o conftest  -g -O2   conftest.cpp conftstm.o >&5
configure:6427: $? = 0
configure:6465: result: ok
configure:6502: checking for sysroot
configure:6532: result: no
configure:6610: g++ -c  -g -O2  conftest.cpp >&5
configure:6613: $? = 0
configure:6789: checking for mt
configure:6819: result: no
configure:6839: checking if : is a manifest tool
configure:6845: : '-?'
configure:6853: result: no
configure:7495: checking how to run the C preprocessor
configure:7526: gcc -E  conftest.c
configure:7526: $? = 0
configure:7540: gcc -E  conftest.c
conftest.c:11:28: fatal error: ac_nonexistent.h: No such file or directory
 #include <ac_nonexistent.h>
                            ^
compilation terminated.
configure:7540: $? = 1
configure: failed program was:
| /* confdefs.h */
| #define PACKAGE_NAME ""
| #define PACKAGE_TARNAME ""
| #define PACKAGE_VERSION ""
| #define PACKAGE_STRING ""
| #define PACKAGE_BUGREPORT ""
| #define PACKAGE_URL ""
| #define PACKAGE "orkaudio"
| #define VERSION "1.0"
| /* end confdefs.h.  */
| #include <ac_nonexistent.h>
configure:7565: result: gcc -E
configure:7585: gcc -E  conftest.c
configure:7585: $? = 0
configure:7599: gcc -E  conftest.c
conftest.c:11:28: fatal error: ac_nonexistent.h: No such file or directory
 #include <ac_nonexistent.h>
                            ^
compilation terminated.
configure:7599: $? = 1
configure: failed program was:
| /* confdefs.h */
| #define PACKAGE_NAME ""
| #define PACKAGE_TARNAME ""
| #define PACKAGE_VERSION ""
| #define PACKAGE_STRING ""
| #define PACKAGE_BUGREPORT ""
| #define PACKAGE_URL ""
| #define PACKAGE "orkaudio"
| #define VERSION "1.0"
| /* end confdefs.h.  */
| #include <ac_nonexistent.h>
configure:7628: checking for ANSI C header files
configure:7648: gcc -c -g -O2  conftest.c >&5
configure:7648: $? = 0
configure:7721: gcc -o conftest -g -O2   conftest.c  >&5
configure:7721: $? = 0
configure:7721: ./conftest
configure:7721: $? = 0
configure:7732: result: yes
configure:7745: checking for sys/types.h
configure:7745: gcc -c -g -O2  conftest.c >&5
configure:7745: $? = 0
configure:7745: result: yes
configure:7745: checking for sys/stat.h
configure:7745: gcc -c -g -O2  conftest.c >&5
configure:7745: $? = 0
configure:7745: result: yes
configure:7745: checking for stdlib.h
configure:7745: gcc -c -g -O2  conftest.c >&5
configure:7745: $? = 0
configure:7745: result: yes
configure:7745: checking for string.h
configure:7745: gcc -c -g -O2  conftest.c >&5
configure:7745: $? = 0
configure:7745: result: yes
configure:7745: checking for memory.h
configure:7745: gcc -c -g -O2  conftest.c >&5
configure:7745: $? = 0
configure:7745: result: yes
configure:7745: checking for strings.h
configure:7745: gcc -c -g -O2  conftest.c >&5
configure:7745: $? = 0
configure:7745: result: yes
configure:7745: checking for inttypes.h
configure:7745: gcc -c -g -O2  conftest.c >&5
configure:7745: $? = 0
configure:7745: result: yes
configure:7745: checking for stdint.h
configure:7745: gcc -c -g -O2  conftest.c >&5
configure:7745: $? = 0
configure:7745: result: yes
configure:7745: checking for unistd.h
configure:7745: gcc -c -g -O2  conftest.c >&5
configure:7745: $? = 0
configure:7745: result: yes
configure:7759: checking for dlfcn.h
configure:7759: gcc -c -g -O2  conftest.c >&5
configure:7759: $? = 0
configure:7759: result: yes
configure:7975: checking for objdir
configure:7990: result: .libs
configure:8257: checking if gcc supports -fno-rtti -fno-exceptions
configure:8275: gcc -c -g -O2  -fno-rtti -fno-exceptions conftest.c >&5
cc1: warning: command line option '-fno-rtti' is valid for C++/ObjC++ but not for C [enabled by default]
configure:8279: $? = 0
configure:8292: result: no
configure:8619: checking for gcc option to produce PIC
configure:8626: result: -fPIC -DPIC
configure:8634: checking if gcc PIC flag -fPIC -DPIC works
configure:8652: gcc -c -g -O2  -fPIC -DPIC -DPIC conftest.c >&5
configure:8656: $? = 0
configure:8669: result: yes
configure:8698: checking if gcc static flag -static works
configure:8726: result: no
configure:8741: checking if gcc supports -c -o file.o
configure:8762: gcc -c -g -O2  -o out/conftest2.o conftest.c >&5
configure:8766: $? = 0
configure:8788: result: yes
configure:8796: checking if gcc supports -c -o file.o
configure:8843: result: yes
configure:8876: checking whether the gcc linker (/usr/bin/ld -m elf_x86_64) supports shared libraries
configure:10029: result: yes
configure:10066: checking whether -lc should be explicitly linked in
configure:10074: gcc -c -g -O2  conftest.c >&5
configure:10077: $? = 0
configure:10092: gcc -shared  -fPIC -DPIC conftest.o  -v -Wl,-soname -Wl,conftest -o conftest 2\>\&1 \| /usr/bin/grep  -lc  \>/dev/null 2\>\&1
configure:10095: $? = 0
configure:10109: result: no
configure:10269: checking dynamic linker characteristics
configure:10780: gcc -o conftest -g -O2   -Wl,-rpath -Wl,/foo conftest.c  >&5
configure:10780: $? = 0
configure:11006: result: GNU/Linux ld.so
configure:11113: checking how to hardcode library paths into programs
configure:11138: result: immediate
configure:11678: checking whether stripping libraries is possible
configure:11683: result: yes
configure:11718: checking if libtool supports shared libraries
configure:11720: result: yes
configure:11723: checking whether to build shared libraries
configure:11744: result: yes
configure:11747: checking whether to build static libraries
configure:11751: result: yes
configure:11774: checking how to run the C++ preprocessor
configure:11801: g++ -E  conftest.cpp
configure:11801: $? = 0
configure:11815: g++ -E  conftest.cpp
conftest.cpp:23:28: fatal error: ac_nonexistent.h: No such file or directory
 #include <ac_nonexistent.h>
                            ^
compilation terminated.
configure:11815: $? = 1
configure: failed program was:
| /* confdefs.h */
| #define PACKAGE_NAME ""
| #define PACKAGE_TARNAME ""
| #define PACKAGE_VERSION ""
| #define PACKAGE_STRING ""
| #define PACKAGE_BUGREPORT ""
| #define PACKAGE_URL ""
| #define PACKAGE "orkaudio"
| #define VERSION "1.0"
| #define STDC_HEADERS 1
| #define HAVE_SYS_TYPES_H 1
| #define HAVE_SYS_STAT_H 1
| #define HAVE_STDLIB_H 1
| #define HAVE_STRING_H 1
| #define HAVE_MEMORY_H 1
| #define HAVE_STRINGS_H 1
| #define HAVE_INTTYPES_H 1
| #define HAVE_STDINT_H 1
| #define HAVE_UNISTD_H 1
| #define HAVE_DLFCN_H 1
| #define LT_OBJDIR ".libs/"
| /* end confdefs.h.  */
| #include <ac_nonexistent.h>
configure:11840: result: g++ -E
configure:11860: g++ -E  conftest.cpp
configure:11860: $? = 0
configure:11874: g++ -E  conftest.cpp
conftest.cpp:23:28: fatal error: ac_nonexistent.h: No such file or directory
 #include <ac_nonexistent.h>
                            ^
compilation terminated.
configure:11874: $? = 1
configure: failed program was:
| /* confdefs.h */
| #define PACKAGE_NAME ""
| #define PACKAGE_TARNAME ""
| #define PACKAGE_VERSION ""
| #define PACKAGE_STRING ""
| #define PACKAGE_BUGREPORT ""
| #define PACKAGE_URL ""
| #define PACKAGE "orkaudio"
| #define VERSION "1.0"
| #define STDC_HEADERS 1
| #define HAVE_SYS_TYPES_H 1
| #define HAVE_SYS_STAT_H 1
| #define HAVE_STDLIB_H 1
| #define HAVE_STRING_H 1
| #define HAVE_MEMORY_H 1
| #define HAVE_STRINGS_H 1
| #define HAVE_INTTYPES_H 1
| #define HAVE_STDINT_H 1
| #define HAVE_UNISTD_H 1
| #define HAVE_DLFCN_H 1
| #define LT_OBJDIR ".libs/"
| /* end confdefs.h.  */
| #include <ac_nonexistent.h>
configure:12043: checking for ld used by g++
configure:12110: result: /usr/bin/ld -m elf_x86_64
configure:12117: checking if the linker (/usr/bin/ld -m elf_x86_64) is GNU ld
configure:12132: result: yes
configure:12187: checking whether the g++ linker (/usr/bin/ld -m elf_x86_64) supports shared libraries
configure:13192: result: yes
configure:13228: g++ -c  -g -O2  conftest.cpp >&5
configure:13231: $? = 0
configure:13751: checking for g++ option to produce PIC
configure:13758: result: -fPIC -DPIC
configure:13766: checking if g++ PIC flag -fPIC -DPIC works
configure:13784: g++ -c  -g -O2  -fPIC -DPIC -DPIC conftest.cpp >&5
configure:13788: $? = 0
configure:13801: result: yes
configure:13824: checking if g++ static flag -static works
configure:13852: result: no
configure:13864: checking if g++ supports -c -o file.o
configure:13885: g++ -c  -g -O2  -o out/conftest2.o conftest.cpp >&5
configure:13889: $? = 0
configure:13911: result: yes
configure:13916: checking if g++ supports -c -o file.o
configure:13963: result: yes
configure:13993: checking whether the g++ linker (/usr/bin/ld -m elf_x86_64) supports shared libraries
configure:14029: result: yes
configure:14170: checking dynamic linker characteristics
configure:14841: result: GNU/Linux ld.so
configure:14894: checking how to hardcode library paths into programs
configure:14919: result: immediate
configure:15093: checking that generated files are newer than configure
configure:15099: result: done
configure:15126: creating ./config.status

## ---------------------- ##
## Running config.status. ##
## ---------------------- ##

This file was extended by config.status, which was
generated by GNU Autoconf 2.69.  Invocation command line was

  CONFIG_FILES    = 
  CONFIG_HEADERS  = 
  CONFIG_LINKS    = 
  CONFIG_COMMANDS = 
  $ ./config.status 

on freeswitch

config.status:1148: creating Makefile
config.status:1148: creating audiocaptureplugins/Makefile
config.status:1148: creating audiocaptureplugins/generator/Makefile
config.status:1148: creating audiocaptureplugins/voip/Makefile
config.status:1148: creating filters/Makefile
config.status:1148: creating filters/rtpmixer/Makefile
config.status:1148: creating config.h
config.status:1377: executing depfiles commands
config.status:1377: executing libtool commands

## ---------------- ##
## Cache variables. ##
## ---------------- ##

ac_cv_build=x86_64-unknown-linux-gnu
ac_cv_c_compiler_gnu=yes
ac_cv_cxx_compiler_gnu=yes
ac_cv_env_CCC_set=
ac_cv_env_CCC_value=
ac_cv_env_CC_set=
ac_cv_env_CC_value=
ac_cv_env_CFLAGS_set=
ac_cv_env_CFLAGS_value=
ac_cv_env_CPPFLAGS_set=
ac_cv_env_CPPFLAGS_value=
ac_cv_env_CPP_set=
ac_cv_env_CPP_value=
ac_cv_env_CXXCPP_set=
ac_cv_env_CXXCPP_value=
ac_cv_env_CXXFLAGS_set=
ac_cv_env_CXXFLAGS_value=
ac_cv_env_CXX_set=
ac_cv_env_CXX_value=
ac_cv_env_LDFLAGS_set=
ac_cv_env_LDFLAGS_value=
ac_cv_env_LIBS_set=
ac_cv_env_LIBS_value=
ac_cv_env_build_alias_set=
ac_cv_env_build_alias_value=
ac_cv_env_host_alias_set=
ac_cv_env_host_alias_value=
ac_cv_env_target_alias_set=
ac_cv_env_target_alias_value=
ac_cv_header_dlfcn_h=yes
ac_cv_header_inttypes_h=yes
ac_cv_header_memory_h=yes
ac_cv_header_stdc=yes
ac_cv_header_stdint_h=yes
ac_cv_header_stdlib_h=yes
ac_cv_header_string_h=yes
ac_cv_header_strings_h=yes
ac_cv_header_sys_stat_h=yes
ac_cv_header_sys_types_h=yes
ac_cv_header_unistd_h=yes
ac_cv_host=x86_64-unknown-linux-gnu
ac_cv_objext=o
ac_cv_path_EGREP='/usr/bin/grep -E'
ac_cv_path_FGREP='/usr/bin/grep -F'
ac_cv_path_GREP=/usr/bin/grep
ac_cv_path_SED=/usr/bin/sed
ac_cv_path_install='/usr/bin/install -c'
ac_cv_path_mkdir=/usr/bin/mkdir
ac_cv_prog_AWK=gawk
ac_cv_prog_CPP='gcc -E'
ac_cv_prog_CXXCPP='g++ -E'
ac_cv_prog_ac_ct_AR=ar
ac_cv_prog_ac_ct_CC=gcc
ac_cv_prog_ac_ct_CXX=g++
ac_cv_prog_ac_ct_OBJDUMP=objdump
ac_cv_prog_ac_ct_RANLIB=ranlib
ac_cv_prog_ac_ct_STRIP=strip
ac_cv_prog_cc_c89=
ac_cv_prog_cc_g=yes
ac_cv_prog_cxx_g=yes
ac_cv_prog_make_make_set=yes
am_cv_CC_dependencies_compiler_type=gcc3
am_cv_CXX_dependencies_compiler_type=gcc3
am_cv_make_support_nested_variables=yes
lt_cv_ar_at_file=@
lt_cv_archive_cmds_need_lc=no
lt_cv_deplibs_check_method=pass_all
lt_cv_file_magic_cmd='$MAGIC_CMD'
lt_cv_file_magic_test_file=
lt_cv_ld_reload_flag=-r
lt_cv_nm_interface='BSD nm'
lt_cv_objdir=.libs
lt_cv_path_LD=/usr/bin/ld
lt_cv_path_LDCXX='/usr/bin/ld -m elf_x86_64'
lt_cv_path_NM='/usr/bin/nm -B'
lt_cv_path_mainfest_tool=no
lt_cv_prog_compiler_c_o=yes
lt_cv_prog_compiler_c_o_CXX=yes
lt_cv_prog_compiler_pic='-fPIC -DPIC'
lt_cv_prog_compiler_pic_CXX='-fPIC -DPIC'
lt_cv_prog_compiler_pic_works=yes
lt_cv_prog_compiler_pic_works_CXX=yes
lt_cv_prog_compiler_rtti_exceptions=no
lt_cv_prog_compiler_static_works=no
lt_cv_prog_compiler_static_works_CXX=no
lt_cv_prog_gnu_ld=yes
lt_cv_prog_gnu_ldcxx=yes
lt_cv_sharedlib_from_linklib_cmd='printf %s\n'
lt_cv_shlibpath_overrides_runpath=no
lt_cv_sys_global_symbol_pipe='sed -n -e '\''s/^.*[	 ]\([ABCDGIRSTW][ABCDGIRSTW]*\)[	 ][	 ]*\([_A-Za-z][_A-Za-z0-9]*\)$/\1 \2 \2/p'\'' | sed '\''/ __gnu_lto/d'\'''
lt_cv_sys_global_symbol_to_c_name_address='sed -n -e '\''s/^: \([^ ]*\)[ ]*$/  {\"\1\", (void *) 0},/p'\'' -e '\''s/^[ABCDGIRSTW]* \([^ ]*\) \([^ ]*\)$/  {"\2", (void *) \&\2},/p'\'''
lt_cv_sys_global_symbol_to_c_name_address_lib_prefix='sed -n -e '\''s/^: \([^ ]*\)[ ]*$/  {\"\1\", (void *) 0},/p'\'' -e '\''s/^[ABCDGIRSTW]* \([^ ]*\) \(lib[^ ]*\)$/  {"\2", (void *) \&\2},/p'\'' -e '\''s/^[ABCDGIRSTW]* \([^ ]*\) \([^ ]*\)$/  {"lib\2", (void *) \&\2},/p'\'''
lt_cv_sys_global_symbol_to_cdecl='sed -n -e '\''s/^T .* \(.*\)$/extern int \1();/p'\'' -e '\''s/^[ABCDGIRSTW]* .* \(.*\)$/extern char \1;/p'\'''
lt_cv_sys_max_cmd_len=1572864
lt_cv_to_host_file_cmd=func_convert_file_noop
lt_cv_to_tool_file_cmd=func_convert_file_noop

## ----------------- ##
## Output variables. ##
## ----------------- ##

ACLOCAL='${SHELL} /home/hipih/down/src/oreka-svn-968-trunk/orkaudio/missing aclocal-1.13'
AMDEPBACKSLASH='\'
AMDEP_FALSE='#'
AMDEP_TRUE=''
AMTAR='$${TAR-tar}'
AM_BACKSLASH='\'
AM_DEFAULT_V='$(AM_DEFAULT_VERBOSITY)'
AM_DEFAULT_VERBOSITY='1'
AM_V='$(V)'
AR='ar'
AUTOCONF='${SHELL} /home/hipih/down/src/oreka-svn-968-trunk/orkaudio/missing autoconf'
AUTOHEADER='${SHELL} /home/hipih/down/src/oreka-svn-968-trunk/orkaudio/missing autoheader'
AUTOMAKE='${SHELL} /home/hipih/down/src/oreka-svn-968-trunk/orkaudio/missing automake-1.13'
AWK='gawk'
CC='gcc'
CCDEPMODE='depmode=gcc3'
CFLAGS='-g -O2'
CPP='gcc -E'
CPPFLAGS=''
CXX='g++'
CXXCPP='g++ -E'
CXXDEPMODE='depmode=gcc3'
CXXFLAGS=' -g -O2'
CYGPATH_W='echo'
DEFS='-DHAVE_CONFIG_H'
DEPDIR='.deps'
DLLTOOL='false'
DSYMUTIL=''
DUMPBIN=''
ECHO_C=''
ECHO_N='-n'
ECHO_T=''
EGREP='/usr/bin/grep -E'
EXEEXT=''
FGREP='/usr/bin/grep -F'
GREP='/usr/bin/grep'
INSTALL_DATA='${INSTALL} -m 644'
INSTALL_PROGRAM='${INSTALL}'
INSTALL_SCRIPT='${INSTALL}'
INSTALL_STRIP_PROGRAM='$(install_sh) -c -s'
LD='/usr/bin/ld -m elf_x86_64'
LDFLAGS=''
LIBOBJS=''
LIBS=''
LIBTOOL='$(SHELL) $(top_builddir)/libtool'
LIPO=''
LN_S='ln -s'
LTLIBOBJS=''
MAKEINFO='${SHELL} /home/hipih/down/src/oreka-svn-968-trunk/orkaudio/missing makeinfo'
MANIFEST_TOOL=':'
MKDIR_P='/usr/bin/mkdir -p'
NM='/usr/bin/nm -B'
NMEDIT=''
OBJDUMP='objdump'
OBJEXT='o'
OTOOL64=''
OTOOL=''
PACKAGE='orkaudio'
PACKAGE_BUGREPORT=''
PACKAGE_NAME=''
PACKAGE_STRING=''
PACKAGE_TARNAME=''
PACKAGE_URL=''
PACKAGE_VERSION=''
PATH_SEPARATOR=':'
RANLIB='ranlib'
SED='/usr/bin/sed'
SET_MAKE=''
SHELL='/bin/sh'
STRIP='strip'
VERSION='1.0'
ac_ct_AR='ar'
ac_ct_CC='gcc'
ac_ct_CXX='g++'
ac_ct_DUMPBIN=''
am__EXEEXT_FALSE=''
am__EXEEXT_TRUE='#'
am__fastdepCC_FALSE='#'
am__fastdepCC_TRUE=''
am__fastdepCXX_FALSE='#'
am__fastdepCXX_TRUE=''
am__include='include'
am__isrc=''
am__leading_dot='.'
am__nodep='_no'
am__quote=''
am__tar='$${TAR-tar} chof - "$$tardir"'
am__untar='$${TAR-tar} xf -'
bindir='${exec_prefix}/bin'
build='x86_64-unknown-linux-gnu'
build_alias=''
build_cpu='x86_64'
build_os='linux-gnu'
build_vendor='unknown'
datadir='${datarootdir}'
datarootdir='${prefix}/share'
docdir='${datarootdir}/doc/${PACKAGE}'
dvidir='${docdir}'
exec_prefix='${prefix}'
host='x86_64-unknown-linux-gnu'
host_alias=''
host_cpu='x86_64'
host_os='linux-gnu'
host_vendor='unknown'
htmldir='${docdir}'
includedir='${prefix}/include'
infodir='${datarootdir}/info'
install_sh='${SHELL} /home/hipih/down/src/oreka-svn-968-trunk/orkaudio/install-sh'
libdir='${exec_prefix}/lib'
libexecdir='${exec_prefix}/libexec'
localedir='${datarootdir}/locale'
localstatedir='${prefix}/var'
mandir='${datarootdir}/man'
mkdir_p='$(MKDIR_P)'
oldincludedir='/usr/include'
pdfdir='${docdir}'
prefix='/usr'
program_transform_name='s,x,x,'
psdir='${docdir}'
sbindir='${exec_prefix}/sbin'
sharedstatedir='${prefix}/com'
sysconfdir='${prefix}/etc'
target_alias=''

## ----------- ##
## confdefs.h. ##
## ----------- ##

/* confdefs.h */
#define PACKAGE_NAME ""
#define PACKAGE_TARNAME ""
#define PACKAGE_VERSION ""
#define PACKAGE_STRING ""
#define PACKAGE_BUGREPORT ""
#define PACKAGE_URL ""
#define PACKAGE "orkaudio"
#define VERSION "1.0"
#define STDC_HEADERS 1
#define HAVE_SYS_TYPES_H 1
#define HAVE_SYS_STAT_H 1
#define HAVE_STDLIB_H 1
#define HAVE_STRING_H 1
#define HAVE_MEMORY_H 1
#define HAVE_STRINGS_H 1
#define HAVE_INTTYPES_H 1
#define HAVE_STDINT_H 1
#define HAVE_UNISTD_H 1
#define HAVE_DLFCN_H 1
#define LT_OBJDIR ".libs/"

configure: exit 0

## ---------------------- ##
## Running config.status. ##
## ---------------------- ##

This file was extended by config.status, which was
generated by GNU Autoconf 2.69.  Invocation command line was

  CONFIG_FILES    = 
  CONFIG_HEADERS  = 
  CONFIG_LINKS    = 
  CONFIG_COMMANDS = 
  $ ./config.status audiocaptureplugins/voip/Makefile depfiles

on freeswitch

config.status:1148: creating audiocaptureplugins/voip/Makefile
config.status:1377: executing depfiles commands
