This file contains any messages produced by compilers while
running configure, to aid debugging if configure makes a mistake.

It was created by configure, which was
generated by GNU Autoconf 2.69.  Invocation command line was

  $ ./configure 

## --------- ##
## Platform. ##
## --------- ##

hostname = freeswitch
uname -m = x86_64
uname -r = 3.10.0-327.4.5.el7.x86_64
uname -s = Linux
uname -v = #1 SMP Mon Jan 25 22:07:14 UTC 2016

/usr/bin/uname -p = x86_64
/bin/uname -X     = unknown

/bin/arch              = x86_64
/usr/bin/arch -k       = unknown
/usr/convex/getsysinfo = unknown
/usr/bin/hostinfo      = unknown
/bin/machine           = unknown
/usr/bin/oslevel       = unknown
/bin/universe          = unknown

PATH: /usr/lib64/qt-3.3/bin
PATH: /root/perl5/bin
PATH: /usr/local/sbin
PATH: /usr/local/bin
PATH: /usr/sbin
PATH: /usr/bin
PATH: /root/bin


## ----------- ##
## Core tests. ##
## ----------- ##

configure:2293: checking for a BSD-compatible install
configure:2361: result: /usr/bin/install -c
configure:2372: checking whether build environment is sane
configure:2427: result: yes
configure:2578: checking for a thread-safe mkdir -p
configure:2617: result: /usr/bin/mkdir -p
configure:2624: checking for gawk
configure:2640: found /usr/bin/gawk
configure:2651: result: gawk
configure:2662: checking whether make sets $(MAKE)
configure:2684: result: yes
configure:2713: checking whether make supports nested variables
configure:2730: result: yes
configure:2889: checking for g++
configure:2905: found /usr/bin/g++
configure:2916: result: g++
configure:2943: checking for C++ compiler version
configure:2952: g++ --version >&5
g++ (GCC) 4.8.5 20150623 (Red Hat 4.8.5-4)
Copyright (C) 2015 Free Software Foundation, Inc.
This is free software; see the source for copying conditions.  There is NO
warranty; not even for MERCHANTABILITY or FITNESS FOR A PARTICULAR PURPOSE.

configure:2963: $? = 0
configure:2952: g++ -v >&5
Using built-in specs.
COLLECT_GCC=g++
COLLECT_LTO_WRAPPER=/usr/libexec/gcc/x86_64-redhat-linux/4.8.5/lto-wrapper
Target: x86_64-redhat-linux
Configured with: ../configure --prefix=/usr --mandir=/usr/share/man --infodir=/usr/share/info --with-bugurl=http://bugzilla.redhat.com/bugzilla --enable-bootstrap --enable-shared --enable-threads=posix --enable-checking=release --with-system-zlib --enable-__cxa_atexit --disable-libunwind-exceptions --enable-gnu-unique-object --enable-linker-build-id --with-linker-hash-style=gnu --enable-languages=c,c++,objc,obj-c++,java,fortran,ada,go,lto --enable-plugin --enable-initfini-array --disable-libgcj --with-isl=/builddir/build/BUILD/gcc-4.8.5-20150702/obj-x86_64-redhat-linux/isl-install --with-cloog=/builddir/build/BUILD/gcc-4.8.5-20150702/obj-x86_64-redhat-linux/cloog-install --enable-gnu-indirect-function --with-tune=generic --with-arch_32=x86-64 --build=x86_64-redhat-linux
Thread model: posix
gcc version 4.8.5 20150623 (Red Hat 4.8.5-4) (GCC) 
configure:2963: $? = 0
configure:2952: g++ -V >&5
g++: error: unrecognized command line option '-V'
g++: fatal error: no input files
compilation terminated.
configure:2963: $? = 4
configure:2952: g++ -qversion >&5
g++: error: unrecognized command line option '-qversion'
g++: fatal error: no input files
compilation terminated.
configure:2963: $? = 4
configure:2983: checking whether the C++ compiler works
configure:3005: g++  -g -O2   conftest.cpp  >&5
configure:3009: $? = 0
configure:3057: result: yes
configure:3060: checking for C++ compiler default output file name
configure:3062: result: a.out
configure:3068: checking for suffix of executables
configure:3075: g++ -o conftest  -g -O2   conftest.cpp  >&5
configure:3079: $? = 0
configure:3101: result: 
configure:3123: checking whether we are cross compiling
configure:3131: g++ -o conftest  -g -O2   conftest.cpp  >&5
configure:3135: $? = 0
configure:3142: ./conftest
configure:3146: $? = 0
configure:3161: result: no
configure:3166: checking for suffix of object files
configure:3188: g++ -c  -g -O2  conftest.cpp >&5
configure:3192: $? = 0
configure:3213: result: o
configure:3217: checking whether we are using the GNU C++ compiler
configure:3236: g++ -c  -g -O2  conftest.cpp >&5
configure:3236: $? = 0
configure:3245: result: yes
configure:3254: checking whether g++ accepts -g
configure:3274: g++ -c -g  conftest.cpp >&5
configure:3274: $? = 0
configure:3315: result: yes
configure:3349: checking for style of include used by make
configure:3377: result: GNU
configure:3403: checking dependency style of g++
configure:3514: result: gcc3
configure:3558: checking build system type
configure:3572: result: x86_64-unknown-linux-gnu
configure:3592: checking host system type
configure:3605: result: x86_64-unknown-linux-gnu
configure:3646: checking how to print strings
configure:3673: result: printf
configure:3742: checking for gcc
configure:3758: found /usr/bin/gcc
configure:3769: result: gcc
configure:3998: checking for C compiler version
configure:4007: gcc --version >&5
gcc (GCC) 4.8.5 20150623 (Red Hat 4.8.5-4)
Copyright (C) 2015 Free Software Foundation, Inc.
This is free software; see the source for copying conditions.  There is NO
warranty; not even for MERCHANTABILITY or FITNESS FOR A PARTICULAR PURPOSE.

configure:4018: $? = 0
configure:4007: gcc -v >&5
Using built-in specs.
COLLECT_GCC=gcc
COLLECT_LTO_WRAPPER=/usr/libexec/gcc/x86_64-redhat-linux/4.8.5/lto-wrapper
Target: x86_64-redhat-linux
Configured with: ../configure --prefix=/usr --mandir=/usr/share/man --infodir=/usr/share/info --with-bugurl=http://bugzilla.redhat.com/bugzilla --enable-bootstrap --enable-shared --enable-threads=posix --enable-checking=release --with-system-zlib --enable-__cxa_atexit --disable-libunwind-exceptions --enable-gnu-unique-object --enable-linker-build-id --with-linker-hash-style=gnu --enable-languages=c,c++,objc,obj-c++,java,fortran,ada,go,lto --enable-plugin --enable-initfini-array --disable-libgcj --with-isl=/builddir/build/BUILD/gcc-4.8.5-20150702/obj-x86_64-redhat-linux/isl-install --with-cloog=/builddir/build/BUILD/gcc-4.8.5-20150702/obj-x86_64-redhat-linux/cloog-install --enable-gnu-indirect-function --with-tune=generic --with-arch_32=x86-64 --build=x86_64-redhat-linux
Thread model: posix
gcc version 4.8.5 20150623 (Red Hat 4.8.5-4) (GCC) 
configure:4018: $? = 0
configure:4007: gcc -V >&5
gcc: error: unrecognized command line option '-V'
gcc: fatal error: no input files
compilation terminated.
configure:4018: $? = 4
configure:4007: gcc -qversion >&5
gcc: error: unrecognized command line option '-qversion'
gcc: fatal error: no input files
compilation terminated.
configure:4018: $? = 4
configure:4022: checking whether we are using the GNU C compiler
configure:4041: gcc -c   conftest.c >&5
configure:4041: $? = 0
configure:4050: result: yes
configure:4059: checking whether gcc accepts -g
configure:4079: gcc -c -g  conftest.c >&5
configure:4079: $? = 0
configure:4120: result: yes
configure:4137: checking for gcc option to accept ISO C89
configure:4200: gcc  -c -g -O2  conftest.c >&5
configure:4200: $? = 0
configure:4213: result: none needed
configure:4235: checking dependency style of gcc
configure:4346: result: gcc3
configure:4361: checking for a sed that does not truncate output
configure:4425: result: /usr/bin/sed
configure:4443: checking for grep that handles long lines and -e
configure:4501: result: /usr/bin/grep
configure:4506: checking for egrep
configure:4568: result: /usr/bin/grep -E
configure:4573: checking for fgrep
configure:4635: result: /usr/bin/grep -F
configure:4670: checking for ld used by gcc
configure:4737: result: /usr/bin/ld
configure:4744: checking if the linker (/usr/bin/ld) is GNU ld
configure:4759: result: yes
configure:4771: checking for BSD- or MS-compatible name lister (nm)
configure:4820: result: /usr/bin/nm -B
configure:4950: checking the name lister (/usr/bin/nm -B) interface
configure:4957: g++ -c  -g -O2  conftest.cpp >&5
configure:4960: /usr/bin/nm -B "conftest.o"
configure:4963: output
0000000000000000 B some_variable
configure:4970: result: BSD nm
configure:4973: checking whether ln -s works
configure:4977: result: yes
configure:4985: checking the maximum length of command line arguments
configure:5115: result: 1572864
configure:5132: checking whether the shell understands some XSI constructs
configure:5142: result: yes
configure:5146: checking whether the shell understands "+="
configure:5152: result: yes
configure:5187: checking how to convert x86_64-unknown-linux-gnu file names to x86_64-unknown-linux-gnu format
configure:5227: result: func_convert_file_noop
configure:5234: checking how to convert x86_64-unknown-linux-gnu file names to toolchain format
configure:5254: result: func_convert_file_noop
configure:5261: checking for /usr/bin/ld option to reload object files
configure:5268: result: -r
configure:5342: checking for objdump
configure:5358: found /usr/bin/objdump
configure:5369: result: objdump
configure:5401: checking how to recognize dependent libraries
configure:5603: result: pass_all
configure:5688: checking for dlltool
configure:5718: result: no
configure:5748: checking how to associate runtime and link libraries
configure:5775: result: printf %s\n
configure:5836: checking for ar
configure:5852: found /usr/bin/ar
configure:5863: result: ar
configure:5900: checking for archiver @FILE support
configure:5917: g++ -c  -g -O2  conftest.cpp >&5
configure:5917: $? = 0
configure:5920: ar cru libconftest.a @conftest.lst >&5
configure:5923: $? = 0
configure:5928: ar cru libconftest.a @conftest.lst >&5
ar: conftest.o: No such file or directory
configure:5931: $? = 1
configure:5943: result: @
configure:6001: checking for strip
configure:6017: found /usr/bin/strip
configure:6028: result: strip
configure:6100: checking for ranlib
configure:6116: found /usr/bin/ranlib
configure:6127: result: ranlib
configure:6229: checking command to parse /usr/bin/nm -B output from gcc object
configure:6349: g++ -c  -g -O2  conftest.cpp >&5
configure:6352: $? = 0
configure:6356: /usr/bin/nm -B conftest.o \| sed -n -e 's/^.*[ ]\([ABCDGIRSTW][ABCDGIRSTW]*\)[ ][ ]*\([_A-Za-z][_A-Za-z0-9]*\)$/\1 \2 \2/p' | sed '/ __gnu_lto/d' \> conftest.nm
configure:6359: $? = 0
configure:6425: g++ -o conftest  -g -O2   conftest.cpp conftstm.o >&5
configure:6428: $? = 0
configure:6466: result: ok
configure:6503: checking for sysroot
configure:6533: result: no
configure:6611: g++ -c  -g -O2  conftest.cpp >&5
configure:6614: $? = 0
configure:6790: checking for mt
configure:6820: result: no
configure:6840: checking if : is a manifest tool
configure:6846: : '-?'
configure:6854: result: no
configure:7496: checking how to run the C preprocessor
configure:7527: gcc -E  conftest.c
configure:7527: $? = 0
configure:7541: gcc -E  conftest.c
conftest.c:11:28: fatal error: ac_nonexistent.h: No such file or directory
 #include <ac_nonexistent.h>
                            ^
compilation terminated.
configure:7541: $? = 1
configure: failed program was:
| /* confdefs.h */
| #define PACKAGE_NAME ""
| #define PACKAGE_TARNAME ""
| #define PACKAGE_VERSION ""
| #define PACKAGE_STRING ""
| #define PACKAGE_BUGREPORT ""
| #define PACKAGE_URL ""
| #define PACKAGE "orkbase"
| #define VERSION "1.0"
| /* end confdefs.h.  */
| #include <ac_nonexistent.h>
configure:7566: result: gcc -E
configure:7586: gcc -E  conftest.c
configure:7586: $? = 0
configure:7600: gcc -E  conftest.c
conftest.c:11:28: fatal error: ac_nonexistent.h: No such file or directory
 #include <ac_nonexistent.h>
                            ^
compilation terminated.
configure:7600: $? = 1
configure: failed program was:
| /* confdefs.h */
| #define PACKAGE_NAME ""
| #define PACKAGE_TARNAME ""
| #define PACKAGE_VERSION ""
| #define PACKAGE_STRING ""
| #define PACKAGE_BUGREPORT ""
| #define PACKAGE_URL ""
| #define PACKAGE "orkbase"
| #define VERSION "1.0"
| /* end confdefs.h.  */
| #include <ac_nonexistent.h>
configure:7629: checking for ANSI C header files
configure:7649: gcc -c -g -O2  conftest.c >&5
configure:7649: $? = 0
configure:7722: gcc -o conftest -g -O2   conftest.c  >&5
configure:7722: $? = 0
configure:7722: ./conftest
configure:7722: $? = 0
configure:7733: result: yes
configure:7746: checking for sys/types.h
configure:7746: gcc -c -g -O2  conftest.c >&5
configure:7746: $? = 0
configure:7746: result: yes
configure:7746: checking for sys/stat.h
configure:7746: gcc -c -g -O2  conftest.c >&5
configure:7746: $? = 0
configure:7746: result: yes
configure:7746: checking for stdlib.h
configure:7746: gcc -c -g -O2  conftest.c >&5
configure:7746: $? = 0
configure:7746: result: yes
configure:7746: checking for string.h
configure:7746: gcc -c -g -O2  conftest.c >&5
configure:7746: $? = 0
configure:7746: result: yes
configure:7746: checking for memory.h
configure:7746: gcc -c -g -O2  conftest.c >&5
configure:7746: $? = 0
configure:7746: result: yes
configure:7746: checking for strings.h
configure:7746: gcc -c -g -O2  conftest.c >&5
configure:7746: $? = 0
configure:7746: result: yes
configure:7746: checking for inttypes.h
configure:7746: gcc -c -g -O2  conftest.c >&5
configure:7746: $? = 0
configure:7746: result: yes
configure:7746: checking for stdint.h
configure:7746: gcc -c -g -O2  conftest.c >&5
configure:7746: $? = 0
configure:7746: result: yes
configure:7746: checking for unistd.h
configure:7746: gcc -c -g -O2  conftest.c >&5
configure:7746: $? = 0
configure:7746: result: yes
configure:7760: checking for dlfcn.h
configure:7760: gcc -c -g -O2  conftest.c >&5
configure:7760: $? = 0
configure:7760: result: yes
configure:7976: checking for objdir
configure:7991: result: .libs
configure:8258: checking if gcc supports -fno-rtti -fno-exceptions
configure:8276: gcc -c -g -O2  -fno-rtti -fno-exceptions conftest.c >&5
cc1: warning: command line option '-fno-rtti' is valid for C++/ObjC++ but not for C [enabled by default]
configure:8280: $? = 0
configure:8293: result: no
configure:8620: checking for gcc option to produce PIC
configure:8627: result: -fPIC -DPIC
configure:8635: checking if gcc PIC flag -fPIC -DPIC works
configure:8653: gcc -c -g -O2  -fPIC -DPIC -DPIC conftest.c >&5
configure:8657: $? = 0
configure:8670: result: yes
configure:8699: checking if gcc static flag -static works
configure:8727: result: no
configure:8742: checking if gcc supports -c -o file.o
configure:8763: gcc -c -g -O2  -o out/conftest2.o conftest.c >&5
configure:8767: $? = 0
configure:8789: result: yes
configure:8797: checking if gcc supports -c -o file.o
configure:8844: result: yes
configure:8877: checking whether the gcc linker (/usr/bin/ld -m elf_x86_64) supports shared libraries
configure:10030: result: yes
configure:10067: checking whether -lc should be explicitly linked in
configure:10075: gcc -c -g -O2  conftest.c >&5
configure:10078: $? = 0
configure:10093: gcc -shared  -fPIC -DPIC conftest.o  -v -Wl,-soname -Wl,conftest -o conftest 2\>\&1 \| /usr/bin/grep  -lc  \>/dev/null 2\>\&1
configure:10096: $? = 0
configure:10110: result: no
configure:10270: checking dynamic linker characteristics
configure:10781: gcc -o conftest -g -O2   -Wl,-rpath -Wl,/foo conftest.c  >&5
configure:10781: $? = 0
configure:11007: result: GNU/Linux ld.so
configure:11114: checking how to hardcode library paths into programs
configure:11139: result: immediate
configure:11679: checking whether stripping libraries is possible
configure:11684: result: yes
configure:11719: checking if libtool supports shared libraries
configure:11721: result: yes
configure:11724: checking whether to build shared libraries
configure:11745: result: yes
configure:11748: checking whether to build static libraries
configure:11752: result: yes
configure:11775: checking how to run the C++ preprocessor
configure:11802: g++ -E  conftest.cpp
configure:11802: $? = 0
configure:11816: g++ -E  conftest.cpp
conftest.cpp:23:28: fatal error: ac_nonexistent.h: No such file or directory
 #include <ac_nonexistent.h>
                            ^
compilation terminated.
configure:11816: $? = 1
configure: failed program was:
| /* confdefs.h */
| #define PACKAGE_NAME ""
| #define PACKAGE_TARNAME ""
| #define PACKAGE_VERSION ""
| #define PACKAGE_STRING ""
| #define PACKAGE_BUGREPORT ""
| #define PACKAGE_URL ""
| #define PACKAGE "orkbase"
| #define VERSION "1.0"
| #define STDC_HEADERS 1
| #define HAVE_SYS_TYPES_H 1
| #define HAVE_SYS_STAT_H 1
| #define HAVE_STDLIB_H 1
| #define HAVE_STRING_H 1
| #define HAVE_MEMORY_H 1
| #define HAVE_STRINGS_H 1
| #define HAVE_INTTYPES_H 1
| #define HAVE_STDINT_H 1
| #define HAVE_UNISTD_H 1
| #define HAVE_DLFCN_H 1
| #define LT_OBJDIR ".libs/"
| /* end confdefs.h.  */
| #include <ac_nonexistent.h>
configure:11841: result: g++ -E
configure:11861: g++ -E  conftest.cpp
configure:11861: $? = 0
configure:11875: g++ -E  conftest.cpp
conftest.cpp:23:28: fatal error: ac_nonexistent.h: No such file or directory
 #include <ac_nonexistent.h>
                            ^
compilation terminated.
configure:11875: $? = 1
configure: failed program was:
| /* confdefs.h */
| #define PACKAGE_NAME ""
| #define PACKAGE_TARNAME ""
| #define PACKAGE_VERSION ""
| #define PACKAGE_STRING ""
| #define PACKAGE_BUGREPORT ""
| #define PACKAGE_URL ""
| #define PACKAGE "orkbase"
| #define VERSION "1.0"
| #define STDC_HEADERS 1
| #define HAVE_SYS_TYPES_H 1
| #define HAVE_SYS_STAT_H 1
| #define HAVE_STDLIB_H 1
| #define HAVE_STRING_H 1
| #define HAVE_MEMORY_H 1
| #define HAVE_STRINGS_H 1
| #define HAVE_INTTYPES_H 1
| #define HAVE_STDINT_H 1
| #define HAVE_UNISTD_H 1
| #define HAVE_DLFCN_H 1
| #define LT_OBJDIR ".libs/"
| /* end confdefs.h.  */
| #include <ac_nonexistent.h>
configure:12044: checking for ld used by g++
configure:12111: result: /usr/bin/ld -m elf_x86_64
configure:12118: checking if the linker (/usr/bin/ld -m elf_x86_64) is GNU ld
configure:12133: result: yes
configure:12188: checking whether the g++ linker (/usr/bin/ld -m elf_x86_64) supports shared libraries
configure:13193: result: yes
configure:13229: g++ -c  -g -O2  conftest.cpp >&5
configure:13232: $? = 0
configure:13752: checking for g++ option to produce PIC
configure:13759: result: -fPIC -DPIC
configure:13767: checking if g++ PIC flag -fPIC -DPIC works
configure:13785: g++ -c  -g -O2  -fPIC -DPIC -DPIC conftest.cpp >&5
configure:13789: $? = 0
configure:13802: result: yes
configure:13825: checking if g++ static flag -static works
configure:13853: result: no
configure:13865: checking if g++ supports -c -o file.o
configure:13886: g++ -c  -g -O2  -o out/conftest2.o conftest.cpp >&5
configure:13890: $? = 0
configure:13912: result: yes
configure:13917: checking if g++ supports -c -o file.o
configure:13964: result: yes
configure:13994: checking whether the g++ linker (/usr/bin/ld -m elf_x86_64) supports shared libraries
configure:14030: result: yes
configure:14171: checking dynamic linker characteristics
configure:14842: result: GNU/Linux ld.so
configure:14895: checking how to hardcode library paths into programs
configure:14920: result: immediate
configure:15092: checking that generated files are newer than configure
configure:15098: result: done
configure:15125: creating ./config.status

## ---------------------- ##
## Running config.status. ##
## ---------------------- ##

This file was extended by config.status, which was
generated by GNU Autoconf 2.69.  Invocation command line was

  CONFIG_FILES    = 
  CONFIG_HEADERS  = 
  CONFIG_LINKS    = 
  CONFIG_COMMANDS = 
  $ ./config.status 

on freeswitch

config.status:1156: creating Makefile
config.status:1156: creating messages/Makefile
config.status:1156: creating serializers/Makefile
config.status:1156: creating audiofile/Makefile
config.status:1156: creating filters/Makefile
config.status:1156: creating filters/gsm/Makefile
config.status:1156: creating filters/gsm/gsm610/Makefile
config.status:1156: creating filters/ilbc/Makefile
config.status:1156: creating filters/ilbc/ilbc/Makefile
config.status:1156: creating filters/audiogain/Makefile
config.status:1156: creating filters/g722codec/Makefile
config.status:1156: creating filters/speex/Makefile
config.status:1156: creating filters/g726codecs/Makefile
config.status:1156: creating filters/g726codecs/g72x/Makefile
config.status:1156: creating config.h
config.status:1337: config.h is unchanged
config.status:1385: executing depfiles commands
config.status:1385: executing libtool commands

## ---------------- ##
## Cache variables. ##
## ---------------- ##

ac_cv_build=x86_64-unknown-linux-gnu
ac_cv_c_compiler_gnu=yes
ac_cv_cxx_compiler_gnu=yes
ac_cv_env_CCC_set=
ac_cv_env_CCC_value=
ac_cv_env_CC_set=
ac_cv_env_CC_value=
ac_cv_env_CFLAGS_set=
ac_cv_env_CFLAGS_value=
ac_cv_env_CPPFLAGS_set=
ac_cv_env_CPPFLAGS_value=
ac_cv_env_CPP_set=
ac_cv_env_CPP_value=
ac_cv_env_CXXCPP_set=
ac_cv_env_CXXCPP_value=
ac_cv_env_CXXFLAGS_set=
ac_cv_env_CXXFLAGS_value=
ac_cv_env_CXX_set=
ac_cv_env_CXX_value=
ac_cv_env_LDFLAGS_set=
ac_cv_env_LDFLAGS_value=
ac_cv_env_LIBS_set=
ac_cv_env_LIBS_value=
ac_cv_env_build_alias_set=
ac_cv_env_build_alias_value=
ac_cv_env_host_alias_set=
ac_cv_env_host_alias_value=
ac_cv_env_target_alias_set=
ac_cv_env_target_alias_value=
ac_cv_header_dlfcn_h=yes
ac_cv_header_inttypes_h=yes
ac_cv_header_memory_h=yes
ac_cv_header_stdc=yes
ac_cv_header_stdint_h=yes
ac_cv_header_stdlib_h=yes
ac_cv_header_string_h=yes
ac_cv_header_strings_h=yes
ac_cv_header_sys_stat_h=yes
ac_cv_header_sys_types_h=yes
ac_cv_header_unistd_h=yes
ac_cv_host=x86_64-unknown-linux-gnu
ac_cv_objext=o
ac_cv_path_EGREP='/usr/bin/grep -E'
ac_cv_path_FGREP='/usr/bin/grep -F'
ac_cv_path_GREP=/usr/bin/grep
ac_cv_path_SED=/usr/bin/sed
ac_cv_path_install='/usr/bin/install -c'
ac_cv_path_mkdir=/usr/bin/mkdir
ac_cv_prog_AWK=gawk
ac_cv_prog_CPP='gcc -E'
ac_cv_prog_CXXCPP='g++ -E'
ac_cv_prog_ac_ct_AR=ar
ac_cv_prog_ac_ct_CC=gcc
ac_cv_prog_ac_ct_CXX=g++
ac_cv_prog_ac_ct_OBJDUMP=objdump
ac_cv_prog_ac_ct_RANLIB=ranlib
ac_cv_prog_ac_ct_STRIP=strip
ac_cv_prog_cc_c89=
ac_cv_prog_cc_g=yes
ac_cv_prog_cxx_g=yes
ac_cv_prog_make_make_set=yes
am_cv_CC_dependencies_compiler_type=gcc3
am_cv_CXX_dependencies_compiler_type=gcc3
am_cv_make_support_nested_variables=yes
lt_cv_ar_at_file=@
lt_cv_archive_cmds_need_lc=no
lt_cv_deplibs_check_method=pass_all
lt_cv_file_magic_cmd='$MAGIC_CMD'
lt_cv_file_magic_test_file=
lt_cv_ld_reload_flag=-r
lt_cv_nm_interface='BSD nm'
lt_cv_objdir=.libs
lt_cv_path_LD=/usr/bin/ld
lt_cv_path_LDCXX='/usr/bin/ld -m elf_x86_64'
lt_cv_path_NM='/usr/bin/nm -B'
lt_cv_path_mainfest_tool=no
lt_cv_prog_compiler_c_o=yes
lt_cv_prog_compiler_c_o_CXX=yes
lt_cv_prog_compiler_pic='-fPIC -DPIC'
lt_cv_prog_compiler_pic_CXX='-fPIC -DPIC'
lt_cv_prog_compiler_pic_works=yes
lt_cv_prog_compiler_pic_works_CXX=yes
lt_cv_prog_compiler_rtti_exceptions=no
lt_cv_prog_compiler_static_works=no
lt_cv_prog_compiler_static_works_CXX=no
lt_cv_prog_gnu_ld=yes
lt_cv_prog_gnu_ldcxx=yes
lt_cv_sharedlib_from_linklib_cmd='printf %s\n'
lt_cv_shlibpath_overrides_runpath=no
lt_cv_sys_global_symbol_pipe='sed -n -e '\''s/^.*[	 ]\([ABCDGIRSTW][ABCDGIRSTW]*\)[	 ][	 ]*\([_A-Za-z][_A-Za-z0-9]*\)$/\1 \2 \2/p'\'' | sed '\''/ __gnu_lto/d'\'''
lt_cv_sys_global_symbol_to_c_name_address='sed -n -e '\''s/^: \([^ ]*\)[ ]*$/  {\"\1\", (void *) 0},/p'\'' -e '\''s/^[ABCDGIRSTW]* \([^ ]*\) \([^ ]*\)$/  {"\2", (void *) \&\2},/p'\'''
lt_cv_sys_global_symbol_to_c_name_address_lib_prefix='sed -n -e '\''s/^: \([^ ]*\)[ ]*$/  {\"\1\", (void *) 0},/p'\'' -e '\''s/^[ABCDGIRSTW]* \([^ ]*\) \(lib[^ ]*\)$/  {"\2", (void *) \&\2},/p'\'' -e '\''s/^[ABCDGIRSTW]* \([^ ]*\) \([^ ]*\)$/  {"lib\2", (void *) \&\2},/p'\'''
lt_cv_sys_global_symbol_to_cdecl='sed -n -e '\''s/^T .* \(.*\)$/extern int \1();/p'\'' -e '\''s/^[ABCDGIRSTW]* .* \(.*\)$/extern char \1;/p'\'''
lt_cv_sys_max_cmd_len=1572864
lt_cv_to_host_file_cmd=func_convert_file_noop
lt_cv_to_tool_file_cmd=func_convert_file_noop

## ----------------- ##
## Output variables. ##
## ----------------- ##

ACLOCAL='${SHELL} /home/hipih/down/src/oreka-svn-968-trunk/orkbasecxx/missing aclocal-1.13'
AMDEPBACKSLASH='\'
AMDEP_FALSE='#'
AMDEP_TRUE=''
AMTAR='$${TAR-tar}'
AM_BACKSLASH='\'
AM_DEFAULT_V='$(AM_DEFAULT_VERBOSITY)'
AM_DEFAULT_VERBOSITY='1'
AM_V='$(V)'
AR='ar'
AUTOCONF='${SHELL} /home/hipih/down/src/oreka-svn-968-trunk/orkbasecxx/missing autoconf'
AUTOHEADER='${SHELL} /home/hipih/down/src/oreka-svn-968-trunk/orkbasecxx/missing autoheader'
AUTOMAKE='${SHELL} /home/hipih/down/src/oreka-svn-968-trunk/orkbasecxx/missing automake-1.13'
AWK='gawk'
CC='gcc'
CCDEPMODE='depmode=gcc3'
CFLAGS='-g -O2'
CPP='gcc -E'
CPPFLAGS=''
CXX='g++'
CXXCPP='g++ -E'
CXXDEPMODE='depmode=gcc3'
CXXFLAGS=' -g -O2'
CYGPATH_W='echo'
DEFS='-DHAVE_CONFIG_H'
DEPDIR='.deps'
DLLTOOL='false'
DSYMUTIL=''
DUMPBIN=''
ECHO_C=''
ECHO_N='-n'
ECHO_T=''
EGREP='/usr/bin/grep -E'
EXEEXT=''
FGREP='/usr/bin/grep -F'
GREP='/usr/bin/grep'
INSTALL_DATA='${INSTALL} -m 644'
INSTALL_PROGRAM='${INSTALL}'
INSTALL_SCRIPT='${INSTALL}'
INSTALL_STRIP_PROGRAM='$(install_sh) -c -s'
LD='/usr/bin/ld -m elf_x86_64'
LDFLAGS=''
LIBOBJS=''
LIBS=''
LIBTOOL='$(SHELL) $(top_builddir)/libtool'
LIPO=''
LN_S='ln -s'
LTLIBOBJS=''
MAKEINFO='${SHELL} /home/hipih/down/src/oreka-svn-968-trunk/orkbasecxx/missing makeinfo'
MANIFEST_TOOL=':'
MKDIR_P='/usr/bin/mkdir -p'
NM='/usr/bin/nm -B'
NMEDIT=''
OBJDUMP='objdump'
OBJEXT='o'
OTOOL64=''
OTOOL=''
PACKAGE='orkbase'
PACKAGE_BUGREPORT=''
PACKAGE_NAME=''
PACKAGE_STRING=''
PACKAGE_TARNAME=''
PACKAGE_URL=''
PACKAGE_VERSION=''
PATH_SEPARATOR=':'
RANLIB='ranlib'
SED='/usr/bin/sed'
SET_MAKE=''
SHELL='/bin/sh'
STRIP='strip'
VERSION='1.0'
ac_ct_AR='ar'
ac_ct_CC='gcc'
ac_ct_CXX='g++'
ac_ct_DUMPBIN=''
am__EXEEXT_FALSE=''
am__EXEEXT_TRUE='#'
am__fastdepCC_FALSE='#'
am__fastdepCC_TRUE=''
am__fastdepCXX_FALSE='#'
am__fastdepCXX_TRUE=''
am__include='include'
am__isrc=''
am__leading_dot='.'
am__nodep='_no'
am__quote=''
am__tar='$${TAR-tar} chof - "$$tardir"'
am__untar='$${TAR-tar} xf -'
bindir='${exec_prefix}/bin'
build='x86_64-unknown-linux-gnu'
build_alias=''
build_cpu='x86_64'
build_os='linux-gnu'
build_vendor='unknown'
datadir='${datarootdir}'
datarootdir='${prefix}/share'
docdir='${datarootdir}/doc/${PACKAGE}'
dvidir='${docdir}'
exec_prefix='${prefix}'
host='x86_64-unknown-linux-gnu'
host_alias=''
host_cpu='x86_64'
host_os='linux-gnu'
host_vendor='unknown'
htmldir='${docdir}'
includedir='${prefix}/include'
infodir='${datarootdir}/info'
install_sh='${SHELL} /home/hipih/down/src/oreka-svn-968-trunk/orkbasecxx/install-sh'
libdir='${exec_prefix}/lib'
libexecdir='${exec_prefix}/libexec'
localedir='${datarootdir}/locale'
localstatedir='${prefix}/var'
mandir='${datarootdir}/man'
mkdir_p='$(MKDIR_P)'
oldincludedir='/usr/include'
pdfdir='${docdir}'
prefix='/usr'
program_transform_name='s,x,x,'
psdir='${docdir}'
sbindir='${exec_prefix}/sbin'
sharedstatedir='${prefix}/com'
sysconfdir='${prefix}/etc'
target_alias=''

## ----------- ##
## confdefs.h. ##
## ----------- ##

/* confdefs.h */
#define PACKAGE_NAME ""
#define PACKAGE_TARNAME ""
#define PACKAGE_VERSION ""
#define PACKAGE_STRING ""
#define PACKAGE_BUGREPORT ""
#define PACKAGE_URL ""
#define PACKAGE "orkbase"
#define VERSION "1.0"
#define STDC_HEADERS 1
#define HAVE_SYS_TYPES_H 1
#define HAVE_SYS_STAT_H 1
#define HAVE_STDLIB_H 1
#define HAVE_STRING_H 1
#define HAVE_MEMORY_H 1
#define HAVE_STRINGS_H 1
#define HAVE_INTTYPES_H 1
#define HAVE_STDINT_H 1
#define HAVE_UNISTD_H 1
#define HAVE_DLFCN_H 1
#define LT_OBJDIR ".libs/"

configure: exit 0
